2023.10.04 12:01:28 INFO  Started: Metals version 1.0.1 in folders '/Users/ylwang/Documents/GitHub/MyHomePage' for client Visual Studio Code 1.81.0.
Oct 04, 2023 12:01:28 PM org.flywaydb.core.internal.license.VersionPrinter printVersionOnly
INFO: Flyway Community Edition 9.21.2 by Redgate
Oct 04, 2023 12:01:28 PM org.flywaydb.core.internal.license.VersionPrinter printVersion
INFO: See release notes here: https://rd.gt/416ObMi
Oct 04, 2023 12:01:28 PM org.flywaydb.core.internal.license.VersionPrinter printVersion
INFO: 
Oct 04, 2023 12:01:28 PM org.flywaydb.core.FlywayExecutor execute
INFO: Database: jdbc:h2:file:/Users/ylwang/Documents/GitHub/MyHomePage/.metals/metals (H2 2.1)
Oct 04, 2023 12:01:28 PM org.flywaydb.core.internal.schemahistory.JdbcTableSchemaHistory allAppliedMigrations
INFO: Schema history table "PUBLIC"."flyway_schema_history" does not exist yet
Oct 04, 2023 12:01:28 PM org.flywaydb.core.internal.command.DbValidate validate
INFO: Successfully validated 4 migrations (execution time 00:00.012s)
Oct 04, 2023 12:01:28 PM org.flywaydb.core.internal.schemahistory.JdbcTableSchemaHistory create
INFO: Creating Schema History table "PUBLIC"."flyway_schema_history" ...
Oct 04, 2023 12:01:28 PM org.flywaydb.core.internal.command.DbMigrate migrateGroup
INFO: Current version of schema "PUBLIC": << Empty Schema >>
Oct 04, 2023 12:01:28 PM org.flywaydb.core.internal.command.DbMigrate doMigrateGroup
INFO: Migrating schema "PUBLIC" to version "1 - Create tables"
Oct 04, 2023 12:01:28 PM org.flywaydb.core.internal.command.DbMigrate doMigrateGroup
INFO: Migrating schema "PUBLIC" to version "2 - Server discovery"
Oct 04, 2023 12:01:29 PM org.flywaydb.core.internal.command.DbMigrate doMigrateGroup
INFO: Migrating schema "PUBLIC" to version "3 - Jar symbols"
Oct 04, 2023 12:01:29 PM org.flywaydb.core.internal.command.DbMigrate doMigrateGroup
INFO: Migrating schema "PUBLIC" to version "4 - Fingerprints"
Oct 04, 2023 12:01:29 PM org.flywaydb.core.internal.command.DbMigrate logSummary
INFO: Successfully applied 4 migrations to schema "PUBLIC", now at version v4 (execution time 00:00.024s)
2023.10.04 12:01:29 INFO  time: initialize in 0.64s
2023.10.04 12:01:33 WARN  Build server is not auto-connectable.
2023.10.04 12:01:33 WARN  no build tool detected in workspace '/Users/ylwang/Documents/GitHub/MyHomePage'. The most common cause for this problem is that the editor was opened in the wrong working directory, for example if you use sbt then the workspace directory should contain build.sbt. 
